<?xml version="1.0" encoding="UTF-8" ?>
<testsuite tests="16" failures="0" name="com.ashraf.primeveraxereditor.XERDataTest" time="0.005" errors="0" skipped="0">
  <properties>
[...]
</properties>
  <testcase classname="com.ashraf.primeveraxereditor.XERDataTest" name="com.ashraf.primeveraxereditor.XERDataTest.testSetActivityID" time="0.005"/>
  <testcase classname="com.ashraf.primeveraxereditor.XERDataTest" name="com.ashraf.primeveraxereditor.XERDataTest.testGetWBS" time="0"/>
  <testcase classname="com.ashraf.primeveraxereditor.XERDataTest" name="com.ashraf.primeveraxereditor.XERDataTest.testSetWBS" time="0"/>
  <testcase classname="com.ashraf.primeveraxereditor.XERDataTest" name="com.ashraf.primeveraxereditor.XERDataTest.testGetTaskName" time="0"/>
  <testcase classname="com.ashraf.primeveraxereditor.XERDataTest" name="com.ashraf.primeveraxereditor.XERDataTest.testSetTaskName" time="0"/>
  <testcase classname="com.ashraf.primeveraxereditor.XERDataTest" name="com.ashraf.primeveraxereditor.XERDataTest.testGetStartDate" time="0"/>
  <testcase classname="com.ashraf.primeveraxereditor.XERDataTest" name="com.ashraf.primeveraxereditor.XERDataTest.testSetStartDate" time="0"/>
  <testcase classname="com.ashraf.primeveraxereditor.XERDataTest" name="com.ashraf.primeveraxereditor.XERDataTest.testGetEndDate" time="0"/>
  <testcase classname="com.ashraf.primeveraxereditor.XERDataTest" name="com.ashraf.primeveraxereditor.XERDataTest.testSetEndDate" time="0"/>
  <testcase classname="com.ashraf.primeveraxereditor.XERDataTest" name="com.ashraf.primeveraxereditor.XERDataTest.testGetPredecessor" time="0"/>
  <testcase classname="com.ashraf.primeveraxereditor.XERDataTest" name="com.ashraf.primeveraxereditor.XERDataTest.testSetPredecessor" time="0"/>
  <testcase classname="com.ashraf.primeveraxereditor.XERDataTest" name="com.ashraf.primeveraxereditor.XERDataTest.testGetSuccessor" time="0"/>
  <testcase classname="com.ashraf.primeveraxereditor.XERDataTest" name="com.ashraf.primeveraxereditor.XERDataTest.testSetSuccessor" time="0"/>
  <testcase classname="com.ashraf.primeveraxereditor.XERDataTest" name="com.ashraf.primeveraxereditor.XERDataTest.testSetUniqueID" time="0"/>
  <testcase classname="com.ashraf.primeveraxereditor.XERDataTest" name="com.ashraf.primeveraxereditor.XERDataTest.testGetUniqueID" time="0"/>
  <testcase classname="com.ashraf.primeveraxereditor.XERDataTest" name="com.ashraf.primeveraxereditor.XERDataTest.testGetActivityID" time="0"/>
</testsuite>