<?xml version="1.0" encoding="UTF-8" ?>
<testsuite tests="4" failures="0" name="com.ashraf.primeveraxereditor.MainUITest" time="1.138" errors="0" skipped="0">
  <properties>
[...]
</properties>
  <testcase classname="com.ashraf.primeveraxereditor.MainUITest" name="com.ashraf.primeveraxereditor.MainUITest.testMain" time="0.513"/>
  <testcase classname="com.ashraf.primeveraxereditor.MainUITest" name="com.ashraf.primeveraxereditor.MainUITest.testPopulateDetails" time="0.511"/>
  <testcase classname="com.ashraf.primeveraxereditor.MainUITest" name="com.ashraf.primeveraxereditor.MainUITest.testPopulateTable" time="0.07"/>
  <testcase classname="com.ashraf.primeveraxereditor.MainUITest" name="com.ashraf.primeveraxereditor.MainUITest.testRemoveLOE" time="0.044"/>
</testsuite>